<?xml version="1.0" encoding="UTF-8"?>
<testsuite xmlns:xsi="http://www.w3.org/2001/XMLSchema-instance" xsi:noNamespaceSchemaLocation="https://maven.apache.org/surefire/maven-surefire-plugin/xsd/surefire-test-report-3.0.xsd" version="3.0" name="com.example.mapasearch.MapaSearchApplicationTests" time="5.339" tests="1" errors="0" skipped="0" failures="0">
  <properties>
[...]
</properties>
  <testcase name="contextLoads" classname="com.example.mapasearch.MapaSearchApplicationTests" time="0.277">
    <system-out><![CDATA[17:48:58.917 [main] INFO org.springframework.test.context.support.AnnotationConfigContextLoaderUtils -- Could not detect default configuration classes for test class [com.example.mapasearch.MapaSearchApplicationTests]: MapaSearchApplicationTests does not declare any static, non-private, non-final, nested classes annotated with @Configuration.
17:48:58.958 [main] INFO org.springframework.boot.test.context.SpringBootTestContextBootstrapper -- Found @SpringBootConfiguration com.example.mapasearch.MapaSearchApplication for test class com.example.mapasearch.MapaSearchApplicationTests
17:48:59.028 [main] INFO org.springframework.boot.devtools.restart.RestartApplicationListener -- Restart disabled due to context in which it is running

  .   ____          _            __ _ _
 /\\ / ___'_ __ _ _(_)_ __  __ _ \ \ \ \
( ( )\___ | '_ | '_| | '_ \/ _` | \ \ \ \
 \\/  ___)| |_)| | | | | || (_| |  ) ) ) )
  '  |____| .__|_| |_|_| |_\__, | / / / /
 =========|_|==============|___/=/_/_/_/

 :: Spring Boot ::                (v3.3.4)

2024-11-13T17:48:59.139-06:00  INFO 287201 --- [mapaSearch] [           main] c.e.m.MapaSearchApplicationTests         : Starting MapaSearchApplicationTests using Java 21.0.5 with PID 287201 (started by chrisnoval in /home/chrisnoval/Documentos/Proyectos/Back/mapaSearch)
2024-11-13T17:48:59.139-06:00  INFO 287201 --- [mapaSearch] [           main] c.e.m.MapaSearchApplicationTests         : No active profile set, falling back to 1 default profile: "default"
2024-11-13T17:48:59.472-06:00  INFO 287201 --- [mapaSearch] [           main] .s.d.r.c.RepositoryConfigurationDelegate : Multiple Spring Data modules found, entering strict repository configuration mode
2024-11-13T17:48:59.473-06:00  INFO 287201 --- [mapaSearch] [           main] .s.d.r.c.RepositoryConfigurationDelegate : Bootstrapping Spring Data Elasticsearch repositories in DEFAULT mode.
2024-11-13T17:48:59.488-06:00  INFO 287201 --- [mapaSearch] [           main] .RepositoryConfigurationExtensionSupport : Spring Data Elasticsearch - Could not safely identify store assignment for repository candidate interface com.example.mapasearch.repository.PlaceRepository; If you want this repository to be a Elasticsearch repository, consider annotating your entities with one of these annotations: org.springframework.data.elasticsearch.annotations.Document (preferred), or consider extending one of the following types with your repository: org.springframework.data.elasticsearch.repository.ElasticsearchRepository
2024-11-13T17:48:59.488-06:00  INFO 287201 --- [mapaSearch] [           main] .s.d.r.c.RepositoryConfigurationDelegate : Finished Spring Data repository scanning in 13 ms. Found 0 Elasticsearch repository interfaces.
2024-11-13T17:48:59.492-06:00  INFO 287201 --- [mapaSearch] [           main] .s.d.r.c.RepositoryConfigurationDelegate : Multiple Spring Data modules found, entering strict repository configuration mode
2024-11-13T17:48:59.493-06:00  INFO 287201 --- [mapaSearch] [           main] .s.d.r.c.RepositoryConfigurationDelegate : Bootstrapping Spring Data Reactive Elasticsearch repositories in DEFAULT mode.
2024-11-13T17:48:59.494-06:00  INFO 287201 --- [mapaSearch] [           main] .RepositoryConfigurationExtensionSupport : Spring Data Reactive Elasticsearch - Could not safely identify store assignment for repository candidate interface com.example.mapasearch.repository.PlaceRepository; If you want this repository to be a Reactive Elasticsearch repository, consider annotating your entities with one of these annotations: org.springframework.data.elasticsearch.annotations.Document (preferred), or consider extending one of the following types with your repository: org.springframework.data.elasticsearch.repository.ReactiveElasticsearchRepository
2024-11-13T17:48:59.495-06:00  INFO 287201 --- [mapaSearch] [           main] .s.d.r.c.RepositoryConfigurationDelegate : Finished Spring Data repository scanning in 1 ms. Found 0 Reactive Elasticsearch repository interfaces.
2024-11-13T17:48:59.499-06:00  INFO 287201 --- [mapaSearch] [           main] .s.d.r.c.RepositoryConfigurationDelegate : Multiple Spring Data modules found, entering strict repository configuration mode
2024-11-13T17:48:59.500-06:00  INFO 287201 --- [mapaSearch] [           main] .s.d.r.c.RepositoryConfigurationDelegate : Bootstrapping Spring Data JPA repositories in DEFAULT mode.
2024-11-13T17:48:59.546-06:00  INFO 287201 --- [mapaSearch] [           main] .s.d.r.c.RepositoryConfigurationDelegate : Finished Spring Data repository scanning in 44 ms. Found 1 JPA repository interface.
2024-11-13T17:48:59.740-06:00  WARN 287201 --- [mapaSearch] [           main] trationDelegate$BeanPostProcessorChecker : Bean 'org.springframework.ws.config.annotation.DelegatingWsConfiguration' of type [org.springframework.ws.config.annotation.DelegatingWsConfiguration$$SpringCGLIB$$0] is not eligible for getting processed by all BeanPostProcessors (for example: not eligible for auto-proxying). The currently created BeanPostProcessor [annotationActionEndpointMapping] is declared through a non-static factory method on that class; consider declaring it as static instead.
2024-11-13T17:48:59.756-06:00  INFO 287201 --- [mapaSearch] [           main] .w.s.a.s.AnnotationActionEndpointMapping : Supporting [WS-Addressing August 2004, WS-Addressing 1.0]
2024-11-13T17:48:59.826-06:00  INFO 287201 --- [mapaSearch] [           main] com.zaxxer.hikari.HikariDataSource       : HikariPool-1 - Starting...
2024-11-13T17:49:01.491-06:00  INFO 287201 --- [mapaSearch] [           main] com.zaxxer.hikari.pool.HikariPool        : HikariPool-1 - Added connection org.postgresql.jdbc.PgConnection@22f02996
2024-11-13T17:49:01.492-06:00  INFO 287201 --- [mapaSearch] [           main] com.zaxxer.hikari.HikariDataSource       : HikariPool-1 - Start completed.
2024-11-13T17:49:01.537-06:00  INFO 287201 --- [mapaSearch] [           main] o.hibernate.jpa.internal.util.LogHelper  : HHH000204: Processing PersistenceUnitInfo [name: default]
2024-11-13T17:49:01.567-06:00  INFO 287201 --- [mapaSearch] [           main] org.hibernate.Version                    : HHH000412: Hibernate ORM core version 6.5.3.Final
2024-11-13T17:49:01.591-06:00  INFO 287201 --- [mapaSearch] [           main] o.h.c.internal.RegionFactoryInitiator    : HHH000026: Second-level cache disabled
2024-11-13T17:49:01.750-06:00  INFO 287201 --- [mapaSearch] [           main] o.s.o.j.p.SpringPersistenceUnitInfo      : No LoadTimeWeaver setup: ignoring JPA class transformer
2024-11-13T17:49:03.131-06:00  INFO 287201 --- [mapaSearch] [           main] o.h.e.t.j.p.i.JtaPlatformInitiator       : HHH000489: No JTA platform available (set 'hibernate.transaction.jta.platform' to enable JTA platform integration)
2024-11-13T17:49:03.132-06:00  INFO 287201 --- [mapaSearch] [           main] j.LocalContainerEntityManagerFactoryBean : Initialized JPA EntityManagerFactory for persistence unit 'default'
2024-11-13T17:49:03.356-06:00  INFO 287201 --- [mapaSearch] [           main] o.s.d.j.r.query.QueryEnhancerFactory     : Hibernate is in classpath; If applicable, HQL parser will be used.
2024-11-13T17:49:03.367-06:00  INFO 287201 --- [mapaSearch] [           main] f.a.AutowiredAnnotationBeanPostProcessor : Autowired annotation is not supported on static fields: private static final org.slf4j.Logger com.example.mapasearch.controller.PlaceController.logger
2024-11-13T17:49:03.493-06:00  WARN 287201 --- [mapaSearch] [           main] JpaBaseConfiguration$JpaWebConfiguration : spring.jpa.open-in-view is enabled by default. Therefore, database queries may be performed during view rendering. Explicitly configure spring.jpa.open-in-view to disable this warning
2024-11-13T17:49:03.890-06:00  INFO 287201 --- [mapaSearch] [           main] c.e.m.MapaSearchApplicationTests         : Started MapaSearchApplicationTests in 4.867 seconds (process running for 5.316)
]]></system-out>
    <system-err><![CDATA[WARNING: A Java agent has been loaded dynamically (/home/chrisnoval/.m2/repository/net/bytebuddy/byte-buddy-agent/1.14.19/byte-buddy-agent-1.14.19.jar)
WARNING: If a serviceability tool is in use, please run with -XX:+EnableDynamicAgentLoading to hide this warning
WARNING: If a serviceability tool is not in use, please run with -Djdk.instrument.traceUsage for more information
WARNING: Dynamic loading of agents will be disallowed by default in a future release
]]></system-err>
  </testcase>
</testsuite>